2025-03-05 17:56:47,653 - sqlalchemy.engine.Engine - INFO - select pg_catalog.version()
2025-03-05 17:56:47,653 - sqlalchemy.engine.Engine - INFO - [raw sql] {}
2025-03-05 17:56:47,655 - sqlalchemy.engine.Engine - INFO - select current_schema()
2025-03-05 17:56:47,655 - sqlalchemy.engine.Engine - INFO - [raw sql] {}
2025-03-05 17:56:47,656 - sqlalchemy.engine.Engine - INFO - show standard_conforming_strings
2025-03-05 17:56:47,656 - sqlalchemy.engine.Engine - INFO - [raw sql] {}
2025-03-05 17:56:47,657 - sqlalchemy.engine.Engine - INFO - BEGIN (implicit)
2025-03-05 17:56:47,660 - sqlalchemy.engine.Engine - INFO - SELECT pg_catalog.pg_class.relname 
FROM pg_catalog.pg_class JOIN pg_catalog.pg_namespace ON pg_catalog.pg_namespace.oid = pg_catalog.pg_class.relnamespace 
WHERE pg_catalog.pg_class.relname = %(table_name)s AND pg_catalog.pg_class.relkind = ANY (ARRAY[%(param_1)s, %(param_2)s, %(param_3)s, %(param_4)s, %(param_5)s]) AND pg_catalog.pg_namespace.nspname = %(nspname_1)s
2025-03-05 17:56:47,660 - sqlalchemy.engine.Engine - INFO - [generated in 0.00017s] {'table_name': 'api_data', 'param_1': 'r', 'param_2': 'p', 'param_3': 'f', 'param_4': 'v', 'param_5': 'm', 'nspname_1': 'weather_comp'}
2025-03-05 17:56:47,662 - sqlalchemy.engine.Engine - INFO - SELECT pg_catalog.pg_class.relname 
FROM pg_catalog.pg_class JOIN pg_catalog.pg_namespace ON pg_catalog.pg_namespace.oid = pg_catalog.pg_class.relnamespace 
WHERE pg_catalog.pg_class.relname = %(table_name)s AND pg_catalog.pg_class.relkind = ANY (ARRAY[%(param_1)s, %(param_2)s, %(param_3)s, %(param_4)s, %(param_5)s]) AND pg_catalog.pg_namespace.nspname = %(nspname_1)s
2025-03-05 17:56:47,663 - sqlalchemy.engine.Engine - INFO - [cached since 0.003052s ago] {'table_name': 'fact_weather', 'param_1': 'r', 'param_2': 'p', 'param_3': 'f', 'param_4': 'v', 'param_5': 'm', 'nspname_1': 'weather_comp'}
2025-03-05 17:56:47,664 - sqlalchemy.engine.Engine - INFO - SELECT pg_catalog.pg_class.relname 
FROM pg_catalog.pg_class JOIN pg_catalog.pg_namespace ON pg_catalog.pg_namespace.oid = pg_catalog.pg_class.relnamespace 
WHERE pg_catalog.pg_class.relname = %(table_name)s AND pg_catalog.pg_class.relkind = ANY (ARRAY[%(param_1)s, %(param_2)s, %(param_3)s, %(param_4)s, %(param_5)s]) AND pg_catalog.pg_namespace.nspname = %(nspname_1)s
2025-03-05 17:56:47,664 - sqlalchemy.engine.Engine - INFO - [cached since 0.004152s ago] {'table_name': 'dim_location', 'param_1': 'r', 'param_2': 'p', 'param_3': 'f', 'param_4': 'v', 'param_5': 'm', 'nspname_1': 'weather_comp'}
2025-03-05 17:56:47,665 - sqlalchemy.engine.Engine - INFO - COMMIT
2025-03-05 17:56:50,050 - sqlalchemy.engine.Engine - INFO - BEGIN (implicit)
2025-03-05 17:56:50,052 - sqlalchemy.engine.Engine - INFO - INSERT INTO weather_comp.api_data (source, date, ingested, data) VALUES (%(source)s, %(date)s, %(ingested)s, %(data)s::JSON) RETURNING weather_comp.api_data.id
2025-03-05 17:56:50,052 - sqlalchemy.engine.Engine - INFO - [generated in 0.00054s] {'source': 'nsw', 'date': datetime.datetime(2025, 3, 5, 17, 56, 50, 49850), 'ingested': None, 'data': '{"@context": ["https://geojson.org/geojson-ld/geojson-context.jsonld", {"@version": "1.1", "wx": "https://api.weather.gov/ontology#", "geo": "http:// ... (90133 characters truncated) ... "windDirection": "NE", "icon": "https://api.weather.gov/icons/land/night/few?size=small", "shortForecast": "Mostly Clear", "detailedForecast": ""}]}}'}
2025-03-05 17:56:50,057 - sqlalchemy.engine.Engine - INFO - COMMIT
2025-03-05 17:56:50,059 - sqlalchemy.engine.Engine - INFO - BEGIN (implicit)
2025-03-05 17:56:50,060 - sqlalchemy.engine.Engine - INFO - SELECT weather_comp.dim_location.id AS weather_comp_dim_location_id, weather_comp.dim_location.city AS weather_comp_dim_location_city, weather_comp.dim_location.state AS weather_comp_dim_location_state, weather_comp.dim_location.country AS weather_comp_dim_location_country, weather_comp.dim_location.latitude AS weather_comp_dim_location_latitude, weather_comp.dim_location.longitude AS weather_comp_dim_location_longitude 
FROM weather_comp.dim_location 
WHERE weather_comp.dim_location.latitude = %(latitude_1)s AND weather_comp.dim_location.longitude = %(longitude_1)s
2025-03-05 17:56:50,060 - sqlalchemy.engine.Engine - INFO - [generated in 0.00019s] {'latitude_1': 26.16123, 'longitude_1': -81.80686}
2025-03-05 17:56:50,062 - sqlalchemy.engine.Engine - INFO - COMMIT
2025-03-05 17:56:50,560 - sqlalchemy.engine.Engine - INFO - BEGIN (implicit)
2025-03-05 17:56:50,578 - sqlalchemy.engine.Engine - INFO - SELECT pg_catalog.pg_class.relname 
FROM pg_catalog.pg_class JOIN pg_catalog.pg_namespace ON pg_catalog.pg_namespace.oid = pg_catalog.pg_class.relnamespace 
WHERE pg_catalog.pg_class.relname = %(table_name)s AND pg_catalog.pg_class.relkind = ANY (ARRAY[%(param_1)s, %(param_2)s, %(param_3)s, %(param_4)s, %(param_5)s]) AND pg_catalog.pg_namespace.nspname = %(nspname_1)s
2025-03-05 17:56:50,579 - sqlalchemy.engine.Engine - INFO - [cached since 2.919s ago] {'table_name': 'fact_weather', 'param_1': 'r', 'param_2': 'p', 'param_3': 'f', 'param_4': 'v', 'param_5': 'm', 'nspname_1': 'weather_comp'}
2025-03-05 17:56:50,616 - sqlalchemy.engine.Engine - INFO - INSERT INTO weather_comp.fact_weather (date, location_id, temperature, pressure, cloud_cover) VALUES (%(date__0)s, %(location_id__0)s, %(temperature__0)s, %(pressure__0)s, %(cloud_cover__0)s), (%(date__1)s, %(location_id__1)s, %(temperature__1)s, %(p ... 15111 characters truncated ... (%(date__155)s, %(location_id__155)s, %(temperature__155)s, %(pressure__155)s, %(cloud_cover__155)s)
2025-03-05 17:56:50,616 - sqlalchemy.engine.Engine - INFO - [generated in 0.03337s (insertmanyvalues) 1/1 (unordered)] {'date__0': '2025-03-05T17:00:00-05:00', 'cloud_cover__0': None, 'location_id__0': 1, 'pressure__0': None, 'temperature__0': 73, 'date__1': '2025-03-05T18:00:00-05:00', 'cloud_cover__1': None, 'location_id__1': 1, 'pressure__1': None, 'temperature__1': 71, 'date__2': '2025-03-05T19:00:00-05:00', 'cloud_cover__2': None, 'location_id__2': 1, 'pressure__2': None, 'temperature__2': 71, 'date__3': '2025-03-05T20:00:00-05:00', 'cloud_cover__3': None, 'location_id__3': 1, 'pressure__3': None, 'temperature__3': 71, 'date__4': '2025-03-05T21:00:00-05:00', 'cloud_cover__4': None, 'location_id__4': 1, 'pressure__4': None, 'temperature__4': 70, 'date__5': '2025-03-05T22:00:00-05:00', 'cloud_cover__5': None, 'location_id__5': 1, 'pressure__5': None, 'temperature__5': 70, 'date__6': '2025-03-05T23:00:00-05:00', 'cloud_cover__6': None, 'location_id__6': 1, 'pressure__6': None, 'temperature__6': 69, 'date__7': '2025-03-06T00:00:00-05:00', 'cloud_cover__7': None, 'location_id__7': 1, 'pressure__7': None, 'temperature__7': 69, 'date__8': '2025-03-06T01:00:00-05:00', 'cloud_cover__8': None, 'location_id__8': 1, 'pressure__8': None, 'temperature__8': 68, 'date__9': '2025-03-06T02:00:00-05:00', 'cloud_cover__9': None, 'location_id__9': 1, 'pressure__9': None, 'temperature__9': 68 ... 680 parameters truncated ... 'date__146': '2025-03-11T20:00:00-04:00', 'cloud_cover__146': None, 'location_id__146': 1, 'pressure__146': None, 'temperature__146': 71, 'date__147': '2025-03-11T21:00:00-04:00', 'cloud_cover__147': None, 'location_id__147': 1, 'pressure__147': None, 'temperature__147': 70, 'date__148': '2025-03-11T22:00:00-04:00', 'cloud_cover__148': None, 'location_id__148': 1, 'pressure__148': None, 'temperature__148': 68, 'date__149': '2025-03-11T23:00:00-04:00', 'cloud_cover__149': None, 'location_id__149': 1, 'pressure__149': None, 'temperature__149': 67, 'date__150': '2025-03-12T00:00:00-04:00', 'cloud_cover__150': None, 'location_id__150': 1, 'pressure__150': None, 'temperature__150': 66, 'date__151': '2025-03-12T01:00:00-04:00', 'cloud_cover__151': None, 'location_id__151': 1, 'pressure__151': None, 'temperature__151': 65, 'date__152': '2025-03-12T02:00:00-04:00', 'cloud_cover__152': None, 'location_id__152': 1, 'pressure__152': None, 'temperature__152': 64, 'date__153': '2025-03-12T03:00:00-04:00', 'cloud_cover__153': None, 'location_id__153': 1, 'pressure__153': None, 'temperature__153': 63, 'date__154': '2025-03-12T04:00:00-04:00', 'cloud_cover__154': None, 'location_id__154': 1, 'pressure__154': None, 'temperature__154': 63, 'date__155': '2025-03-12T05:00:00-04:00', 'cloud_cover__155': None, 'location_id__155': 1, 'pressure__155': None, 'temperature__155': 62}
2025-03-05 17:56:50,621 - sqlalchemy.engine.Engine - INFO - COMMIT
