2025-03-05 17:33:11,983 - asyncio - DEBUG - Using selector: EpollSelector
2025-03-05 17:33:11,984 - database.db - DEBUG - connecting to the database
2025-03-05 17:33:12,018 - sqlalchemy.engine.Engine - INFO - select pg_catalog.version()
2025-03-05 17:33:12,018 - sqlalchemy.engine.Engine - INFO - [raw sql] {}
2025-03-05 17:33:12,019 - sqlalchemy.engine.Engine - INFO - select current_schema()
2025-03-05 17:33:12,019 - sqlalchemy.engine.Engine - INFO - [raw sql] {}
2025-03-05 17:33:12,020 - sqlalchemy.engine.Engine - INFO - show standard_conforming_strings
2025-03-05 17:33:12,021 - sqlalchemy.engine.Engine - INFO - [raw sql] {}
2025-03-05 17:33:12,022 - sqlalchemy.engine.Engine - INFO - BEGIN (implicit)
2025-03-05 17:33:12,024 - sqlalchemy.engine.Engine - INFO - SELECT pg_catalog.pg_class.relname 
FROM pg_catalog.pg_class JOIN pg_catalog.pg_namespace ON pg_catalog.pg_namespace.oid = pg_catalog.pg_class.relnamespace 
WHERE pg_catalog.pg_class.relname = %(table_name)s AND pg_catalog.pg_class.relkind = ANY (ARRAY[%(param_1)s, %(param_2)s, %(param_3)s, %(param_4)s, %(param_5)s]) AND pg_catalog.pg_namespace.nspname = %(nspname_1)s
2025-03-05 17:33:12,025 - sqlalchemy.engine.Engine - INFO - [generated in 0.00018s] {'table_name': 'api_data', 'param_1': 'r', 'param_2': 'p', 'param_3': 'f', 'param_4': 'v', 'param_5': 'm', 'nspname_1': 'weather_comp'}
2025-03-05 17:33:12,027 - sqlalchemy.engine.Engine - INFO - SELECT pg_catalog.pg_class.relname 
FROM pg_catalog.pg_class JOIN pg_catalog.pg_namespace ON pg_catalog.pg_namespace.oid = pg_catalog.pg_class.relnamespace 
WHERE pg_catalog.pg_class.relname = %(table_name)s AND pg_catalog.pg_class.relkind = ANY (ARRAY[%(param_1)s, %(param_2)s, %(param_3)s, %(param_4)s, %(param_5)s]) AND pg_catalog.pg_namespace.nspname = %(nspname_1)s
2025-03-05 17:33:12,028 - sqlalchemy.engine.Engine - INFO - [cached since 0.003097s ago] {'table_name': 'fact_weather', 'param_1': 'r', 'param_2': 'p', 'param_3': 'f', 'param_4': 'v', 'param_5': 'm', 'nspname_1': 'weather_comp'}
2025-03-05 17:33:12,028 - sqlalchemy.engine.Engine - INFO - SELECT pg_catalog.pg_class.relname 
FROM pg_catalog.pg_class JOIN pg_catalog.pg_namespace ON pg_catalog.pg_namespace.oid = pg_catalog.pg_class.relnamespace 
WHERE pg_catalog.pg_class.relname = %(table_name)s AND pg_catalog.pg_class.relkind = ANY (ARRAY[%(param_1)s, %(param_2)s, %(param_3)s, %(param_4)s, %(param_5)s]) AND pg_catalog.pg_namespace.nspname = %(nspname_1)s
2025-03-05 17:33:12,029 - sqlalchemy.engine.Engine - INFO - [cached since 0.004086s ago] {'table_name': 'dim_location', 'param_1': 'r', 'param_2': 'p', 'param_3': 'f', 'param_4': 'v', 'param_5': 'm', 'nspname_1': 'weather_comp'}
2025-03-05 17:33:12,030 - sqlalchemy.engine.Engine - INFO - COMMIT
