2025-03-29 13:48:26,046 - sqlalchemy.engine.Engine - INFO - select pg_catalog.version()
2025-03-29 13:48:26,046 - sqlalchemy.engine.Engine - INFO - [raw sql] {}
2025-03-29 13:48:26,047 - sqlalchemy.engine.Engine - INFO - select current_schema()
2025-03-29 13:48:26,047 - sqlalchemy.engine.Engine - INFO - [raw sql] {}
2025-03-29 13:48:26,048 - sqlalchemy.engine.Engine - INFO - show standard_conforming_strings
2025-03-29 13:48:26,048 - sqlalchemy.engine.Engine - INFO - [raw sql] {}
2025-03-29 13:48:26,050 - sqlalchemy.engine.Engine - INFO - BEGIN (implicit)
2025-03-29 13:48:26,052 - sqlalchemy.engine.Engine - INFO - SELECT pg_catalog.pg_class.relname 
FROM pg_catalog.pg_class JOIN pg_catalog.pg_namespace ON pg_catalog.pg_namespace.oid = pg_catalog.pg_class.relnamespace 
WHERE pg_catalog.pg_class.relname = %(table_name)s AND pg_catalog.pg_class.relkind = ANY (ARRAY[%(param_1)s, %(param_2)s, %(param_3)s, %(param_4)s, %(param_5)s]) AND pg_catalog.pg_namespace.nspname = %(nspname_1)s
2025-03-29 13:48:26,052 - sqlalchemy.engine.Engine - INFO - [generated in 0.00015s] {'table_name': 'api_data', 'param_1': 'r', 'param_2': 'p', 'param_3': 'f', 'param_4': 'v', 'param_5': 'm', 'nspname_1': 'weather_comp'}
2025-03-29 13:48:26,055 - sqlalchemy.engine.Engine - INFO - SELECT pg_catalog.pg_class.relname 
FROM pg_catalog.pg_class JOIN pg_catalog.pg_namespace ON pg_catalog.pg_namespace.oid = pg_catalog.pg_class.relnamespace 
WHERE pg_catalog.pg_class.relname = %(table_name)s AND pg_catalog.pg_class.relkind = ANY (ARRAY[%(param_1)s, %(param_2)s, %(param_3)s, %(param_4)s, %(param_5)s]) AND pg_catalog.pg_namespace.nspname = %(nspname_1)s
2025-03-29 13:48:26,055 - sqlalchemy.engine.Engine - INFO - [cached since 0.003098s ago] {'table_name': 'fact_weather', 'param_1': 'r', 'param_2': 'p', 'param_3': 'f', 'param_4': 'v', 'param_5': 'm', 'nspname_1': 'weather_comp'}
2025-03-29 13:48:26,056 - sqlalchemy.engine.Engine - INFO - SELECT pg_catalog.pg_class.relname 
FROM pg_catalog.pg_class JOIN pg_catalog.pg_namespace ON pg_catalog.pg_namespace.oid = pg_catalog.pg_class.relnamespace 
WHERE pg_catalog.pg_class.relname = %(table_name)s AND pg_catalog.pg_class.relkind = ANY (ARRAY[%(param_1)s, %(param_2)s, %(param_3)s, %(param_4)s, %(param_5)s]) AND pg_catalog.pg_namespace.nspname = %(nspname_1)s
2025-03-29 13:48:26,056 - sqlalchemy.engine.Engine - INFO - [cached since 0.004s ago] {'table_name': 'source_comparison', 'param_1': 'r', 'param_2': 'p', 'param_3': 'f', 'param_4': 'v', 'param_5': 'm', 'nspname_1': 'weather_comp'}
2025-03-29 13:48:26,057 - sqlalchemy.engine.Engine - INFO - SELECT pg_catalog.pg_class.relname 
FROM pg_catalog.pg_class JOIN pg_catalog.pg_namespace ON pg_catalog.pg_namespace.oid = pg_catalog.pg_class.relnamespace 
WHERE pg_catalog.pg_class.relname = %(table_name)s AND pg_catalog.pg_class.relkind = ANY (ARRAY[%(param_1)s, %(param_2)s, %(param_3)s, %(param_4)s, %(param_5)s]) AND pg_catalog.pg_namespace.nspname = %(nspname_1)s
2025-03-29 13:48:26,057 - sqlalchemy.engine.Engine - INFO - [cached since 0.004878s ago] {'table_name': 'dim_location', 'param_1': 'r', 'param_2': 'p', 'param_3': 'f', 'param_4': 'v', 'param_5': 'm', 'nspname_1': 'weather_comp'}
2025-03-29 13:48:26,058 - sqlalchemy.engine.Engine - INFO - COMMIT
2025-03-29 13:48:26,061 - sqlalchemy.engine.Engine - INFO - BEGIN (implicit)
2025-03-29 13:48:26,062 - sqlalchemy.engine.Engine - INFO - SELECT weather_comp.dim_location.id AS weather_comp_dim_location_id, weather_comp.dim_location.city AS weather_comp_dim_location_city, weather_comp.dim_location.state AS weather_comp_dim_location_state, weather_comp.dim_location.country AS weather_comp_dim_location_country, weather_comp.dim_location.latitude AS weather_comp_dim_location_latitude, weather_comp.dim_location.longitude AS weather_comp_dim_location_longitude 
FROM weather_comp.dim_location 
WHERE weather_comp.dim_location.latitude = %(latitude_1)s AND weather_comp.dim_location.longitude = %(longitude_1)s
2025-03-29 13:48:26,062 - sqlalchemy.engine.Engine - INFO - [generated in 0.00013s] {'latitude_1': 26.16123, 'longitude_1': -81.80686}
2025-03-29 13:48:26,065 - sqlalchemy.engine.Engine - INFO - COMMIT
2025-03-29 13:48:26,270 - sqlalchemy.engine.Engine - INFO - BEGIN (implicit)
2025-03-29 13:48:26,271 - sqlalchemy.engine.Engine - INFO - INSERT INTO weather_comp.api_data (source, date, ingested, data) VALUES (%(source)s, %(date)s, %(ingested)s, %(data)s::JSON) RETURNING weather_comp.api_data.id
2025-03-29 13:48:26,271 - sqlalchemy.engine.Engine - INFO - [generated in 0.00054s] {'source': 'https://api.weather.gov', 'date': datetime.datetime(2025, 3, 29, 13, 48, 26, 269912), 'ingested': None, 'data': '{"@context": ["https://geojson.org/geojson-ld/geojson-context.jsonld", {"@version": "1.1", "wx": "https://api.weather.gov/ontology#", "geo": "http:// ... (90872 characters truncated) ...  "https://api.weather.gov/icons/land/night/skc?size=small", "shortForecast": "Clear", "detailedForecast": ""}]}, "source": "https://api.weather.gov"}'}
2025-03-29 13:48:26,275 - sqlalchemy.engine.Engine - INFO - COMMIT
2025-03-29 13:48:26,539 - sqlalchemy.engine.Engine - INFO - BEGIN (implicit)
2025-03-29 13:48:26,543 - sqlalchemy.engine.Engine - INFO - SELECT pg_catalog.pg_class.relname 
FROM pg_catalog.pg_class JOIN pg_catalog.pg_namespace ON pg_catalog.pg_namespace.oid = pg_catalog.pg_class.relnamespace 
WHERE pg_catalog.pg_class.relname = %(table_name)s AND pg_catalog.pg_class.relkind = ANY (ARRAY[%(param_1)s, %(param_2)s, %(param_3)s, %(param_4)s, %(param_5)s]) AND pg_catalog.pg_namespace.nspname = %(nspname_1)s
2025-03-29 13:48:26,543 - sqlalchemy.engine.Engine - INFO - [cached since 0.4909s ago] {'table_name': 'fact_weather', 'param_1': 'r', 'param_2': 'p', 'param_3': 'f', 'param_4': 'v', 'param_5': 'm', 'nspname_1': 'weather_comp'}
2025-03-29 13:48:26,546 - sqlalchemy.engine.Engine - INFO - INSERT INTO weather_comp.fact_weather (date, source, location_id, temperature, pressure, cloud_cover) VALUES (%(date__0)s, %(source__0)s, %(location_id__0)s, %(temperature__0)s, %(pressure__0)s, %(cloud_cover__0)s), (%(date__1)s, %(source__1)s, %(loc ... 17661 characters truncated ... (source__155)s, %(location_id__155)s, %(temperature__155)s, %(pressure__155)s, %(cloud_cover__155)s)
2025-03-29 13:48:26,547 - sqlalchemy.engine.Engine - INFO - [generated in 0.00035s (insertmanyvalues) 1/1 (unordered)] {'pressure__0': None, 'cloud_cover__0': None, 'date__0': '2025-03-29T13:00:00-04:00', 'source__0': 'https://api.weather.gov', 'location_id__0': 1, 'temperature__0': 81, 'pressure__1': None, 'cloud_cover__1': None, 'date__1': '2025-03-29T14:00:00-04:00', 'source__1': 'https://api.weather.gov', 'location_id__1': 1, 'temperature__1': 81, 'pressure__2': None, 'cloud_cover__2': None, 'date__2': '2025-03-29T15:00:00-04:00', 'source__2': 'https://api.weather.gov', 'location_id__2': 1, 'temperature__2': 81, 'pressure__3': None, 'cloud_cover__3': None, 'date__3': '2025-03-29T16:00:00-04:00', 'source__3': 'https://api.weather.gov', 'location_id__3': 1, 'temperature__3': 80, 'pressure__4': None, 'cloud_cover__4': None, 'date__4': '2025-03-29T17:00:00-04:00', 'source__4': 'https://api.weather.gov', 'location_id__4': 1, 'temperature__4': 81, 'pressure__5': None, 'cloud_cover__5': None, 'date__5': '2025-03-29T18:00:00-04:00', 'source__5': 'https://api.weather.gov', 'location_id__5': 1, 'temperature__5': 79, 'pressure__6': None, 'cloud_cover__6': None, 'date__6': '2025-03-29T19:00:00-04:00', 'source__6': 'https://api.weather.gov', 'location_id__6': 1, 'temperature__6': 78, 'pressure__7': None, 'cloud_cover__7': None, 'date__7': '2025-03-29T20:00:00-04:00', 'source__7': 'https://api.weather.gov', 'location_id__7': 1, 'temperature__7': 77, 'pressure__8': None, 'cloud_cover__8': None ... 836 parameters truncated ... 'location_id__147': 1, 'temperature__147': 84, 'pressure__148': None, 'cloud_cover__148': None, 'date__148': '2025-04-04T17:00:00-04:00', 'source__148': 'https://api.weather.gov', 'location_id__148': 1, 'temperature__148': 83, 'pressure__149': None, 'cloud_cover__149': None, 'date__149': '2025-04-04T18:00:00-04:00', 'source__149': 'https://api.weather.gov', 'location_id__149': 1, 'temperature__149': 82, 'pressure__150': None, 'cloud_cover__150': None, 'date__150': '2025-04-04T19:00:00-04:00', 'source__150': 'https://api.weather.gov', 'location_id__150': 1, 'temperature__150': 80, 'pressure__151': None, 'cloud_cover__151': None, 'date__151': '2025-04-04T20:00:00-04:00', 'source__151': 'https://api.weather.gov', 'location_id__151': 1, 'temperature__151': 79, 'pressure__152': None, 'cloud_cover__152': None, 'date__152': '2025-04-04T21:00:00-04:00', 'source__152': 'https://api.weather.gov', 'location_id__152': 1, 'temperature__152': 78, 'pressure__153': None, 'cloud_cover__153': None, 'date__153': '2025-04-04T22:00:00-04:00', 'source__153': 'https://api.weather.gov', 'location_id__153': 1, 'temperature__153': 77, 'pressure__154': None, 'cloud_cover__154': None, 'date__154': '2025-04-04T23:00:00-04:00', 'source__154': 'https://api.weather.gov', 'location_id__154': 1, 'temperature__154': 76, 'pressure__155': None, 'cloud_cover__155': None, 'date__155': '2025-04-05T00:00:00-04:00', 'source__155': 'https://api.weather.gov', 'location_id__155': 1, 'temperature__155': 75}
2025-03-29 13:48:26,551 - sqlalchemy.engine.Engine - INFO - COMMIT
